<?xml version="1.0" encoding="UTF-8"?>
<!-- Generated by org.testng.reporters.JUnitReportReporter -->
<testsuite hostname="TYSS-Pavan" failures="0" tests="3" name="practice.DataProvider_1" time="0.007" errors="0" timestamp="2022-09-16T16:16:43 IST" skipped="0">
  <testcase classname="practice.DataProvider_1" name="test" time="0.001"/>
  <system-out/>
  <testcase classname="practice.DataProvider_1" name="test" time="0.005"/>
  <system-out/>
  <testcase classname="practice.DataProvider_1" name="test" time="0.001"/>
  <system-out/>
</testsuite> <!-- practice.DataProvider_1 -->
