<?xml version="1.0" encoding="UTF-8"?>
<!-- Generated by org.testng.reporters.JUnitReportReporter -->
<testsuite hostname="TYSS-Pavan" failures="0" tests="3" name="practice.MMT_DataProvider" time="80.675" errors="0" timestamp="2022-09-16T16:21:00 IST" skipped="0">
  <testcase classname="practice.MMT_DataProvider" name="data" time="26.892"/>
  <system-out/>
  <testcase classname="practice.MMT_DataProvider" name="data" time="26.381"/>
  <system-out/>
  <testcase classname="practice.MMT_DataProvider" name="data" time="27.402"/>
  <system-out/>
</testsuite> <!-- practice.MMT_DataProvider -->
